0,0
3,0
8,0
32,0
95,0
17,0
1,0
8,0
59,0
8,0
8,0
3,0
9,0
4,0
4,0
3,0
6,0
65,0
5,0
0,0
0,0
0,0
0,0
0,0
0,0
5,0
6,0
5,0
20,0
32,0
0,0
54,0
56,0
6,0
10,0
4,0
4,0
5,0
6,0
1,0
7,0
8,0
5,0
3,0
0,0
0,0
0,0
0,0
0,0
5,0
10,0
11,0
58,0
58,0
5,0
7,0
7,0
8,0
57,0
13,0
13,0
15,0
18,0
7,0
6,0
3,0
5,0
5,0
1,0
0,0
0,0
0,0
0,0
1,0
5,0
2,0
4,0
4,0
96,0
67,0
12,0
10,0
9,0
8,0
59,0
60,0
11,0
6,0
52,0
0,0
1,0
2,0
0,0
0,0
0,0
4,0
4,0
5,0
13,0
15,0
9,0
57,0
9,0
61,0
10,0
10,0
16,0
53,0
22,0
13,0
66,0
70,0
4,0
3,0
0,0
2,0
0,0
2,0
4,0
0,0
0,0
6,0
3,0
4,0
58,0
13,0
63,0
70,0
19,0
19,0
19,0
14,0
13,0
69,0
13,0
7,0
10,0
14,0
10,0
2,0
0,0
0,0
2,0
0,0
1,0
2,0
2,0
6,0
3,0
8,0
118,0
17,0
20,0
22,0
65,0
16,0
58,0
7,0
7,0
7,0
4,0
1,0
0,0
2,0
0,0
0,0
0,0
51,0
0,0
50,0
2,0
9,0
12,0
16,0
18,0
15,0
13,0
59,0
10,0
67,0
14,0
17,0
9,0
8,0
6,0
3,0
4,0
3,0
2,0
4,0
5,0
0,0
0,0
0,0
3,0
23,0
45,0
4,0
7,0
13,0
11,0
12,0
11,0
14,0
10,0
12,0
5,0
5,0
2,0
4,0
5,0
9,0
0,0
0,0
0,0
2,0
1,0
7,0
6,0
9,0
9,0
8,0
8,0
7,0
10,0
10,0
11,0
11,0
5,0
9,0
11,0
7,0
7,0
3,0
5,0
1,0
0,0
0,0
0,0
1,0
0,0
0,0
2,0
12,0
8,0
10,0
8,0
9,0
10,0
13,0
14,0
9,0
12,0
10,0
8,0
10,0
6,0
0,0
0,0
9,0
3,0
0,0
0,0
0,0
0,0
0,0
1,0
7,0
6,0
3,0
4,0
6,0
10,0
13,0
13,0
10,0
8,0
13,0
14,0
4,0
3,0
8,0
0,0
0,0
4,0
3,0
4,0
0,0
0,0
0,0
4,0
4,0
10,0
59,0
9,0
4,0
4,0
13,0
8,0
8,0
13,0
14,0
11,0
16,0
11,0
10,0
7,0
4,0
1,0
0,0
1,0
4,0
4,0
4,0
7,0
9,0
8,0
8,0
6,0
5,0
10,0
19,0
16,0
11,0
9,0
13,0
6,0
9,0
16,0
12,0
12,0
6,0
0,0
0,0
0,0
5,0
4,0
5,0
8,0
7,0
4,0
7,0
8,0
11,0
10,0
9,0
12,0
10,0
12,0
10,0
10,0
12,0
10,0
6,0
2,0
4,0
0,0
10,0
0,0
0,0
0,0
4,0
3,0
4,0
4,0
57,0
4,0
7,0
10,0
9,0
16,0
4,0
5,0
5,0
4,0
0,0
2,0
0,0
1,0
0,0
0,0
0,0
0,0
0,0
0,0
2,0
3,0
0,0
1,0
0,0
54,0
3,0
2,0
2,0
14,0
3,0
0,0
0,0
3,0
3,0
7,0
6,0
6,0
4,0
0,0
0,0
0,0
0,0
0,0
0,0
0,0
50,0
0,0
0,0
1,0
0,0
0,0
0,0
4,0
4,0
0,0
1,0
0,0
4,0
4,0
8,0
12,0
8,0
9,0
8,0
8,0
9,0
8,0
8,0
3,0
0,0
0,0
0,0
2,0
4,0
0,0
0,0
0,0
0,0
2,0
0,0
0,0
0,0
4,0
1,0
4,0
0,0
0,0
4,0
0,0
0,0
0,0
4,0
0,0
0,0
0,0
0,0
0,0
2,0
0,0
1,0
11,0
0,0
0,0
51,0
8,0
10,0
3,0
4,0
4,0
6,0
0,0
0,0
0,0
0,0
8,0
0,0
0,0
0,0
1,0
0,0
54,0
1,0
0,0
0,0
1,0
2,0
0,0
0,0
0,0
0,0
0,0
0,0
1,0
7,0
0,0
62,0
0,0
0,0
0,0
55,0
0,0
1,0
0,0
56,0
6,0
0,0
1,0
2,0
4,0
0,0
0,0
0,0
3,0
3,0
7,0
4,0
4,0
19,0
8,0
1,0
0,0
0,0
0,0
0,0
1,0
4,0
0,0
0,0
0,0
2,0
0,0
0,0
0,0
0,0
57,0
0,0
0,0
10,0
3,0
7,0
4,0
3,0
4,0
4,0
3,0
3,0
10,0
8,0
3,0
34,0
4,0
4,0
48,0
85,0
29,0
7,0
8,0
3,0
4,0
4,0
56,0
6,0
4,0
5,0
3,0
5,0
4,0
4,0
4,0
49,0
3,0
4,0
4,0
4,0
3,0
6,0
57,0
8,0
22,0
7,0
8,0
5,0
53,0
3,0
0,0
0,0
0,0
0,0
5,0
1,0
0,0
0,0
2,0
0,0
2,0
50,0
0,0
7,0
55,0
0,0
2,0
1,0
2,0
4,0
3,0
53,0
2,0
2,0
0,0
2,0
1,0
0,0
2,0
0,0
3,0
0,0
0,0
0,0
0,0
52,0
3,0
0,0
0,0
53,0
0,0
4,0
5,0
7,0
2,0
35,0
50,0
0,0
0,0
0,0
1,0
0,0
1,0
1,0
0,0
1,0
2,0
0,0
0,0
0,0
10,0
1,0
3,0
54,0
0,0
0,0
0,0
50,0
0,0
4,0
38,0
18,0
2,0
1,0
5,0
4,0
4,0
2,0
16,0
7,0
3,0
0,0
0,0
0,0
0,0
0,0
0,0
40,0
51,0
0,0
5,0
51,0
0,0
0,0
0,0
0,0
3,0
0,0
6,0
7,0
4,0
5,0
6,0
1,0
0,0
0,0
0,0
0,0
4,0
1,0
0,0
51,0
1,0
8,0
17,0
60,0
5,0
2,0
0,0
1,0
3,0
0,0
3,0
0,0
1,0
1,0
1,0
51,0
0,0
0,0
0,0
0,0
0,0
0,0
0,0
0,0
0,0
50,0
0,0
0,0
1,0
0,0
0,0
0,0
1,0
2,0
4,0
11,0
1,0
54,0
0,0
0,0
2,0
0,0
0,0
1,0
0,0
1,0
0,0
0,0
47,0
1,0
0,0
0,0
10,0
0,0
0,0
0,0
1,0
3,0
0,0
1,0
0,0
0,0
0,0
0,0
0,0
0,0
0,0
0,0
0,0
3,0
4,0
5,0
4,0
0,0
1,0
8,0
5,0
1,0
8,0
4,0
2,0
5,0
4,0
4,0
0,0
0,0
2,0
3,0
0,0
0,0
0,0
0,0
0,0
0,0
0,0
4,0
4,0
0,0
0,0
0,0
0,0
1,0
0,0
5,0
55,0
10,0
0,0
19,0
1,0
0,0
0,0
2,0
0,0
3,0
1,0
0,0
0,0
0,0
11,0
4,0
0,0
0,0
0,0
14,0
0,0
0,0
54,0
0,0
3,0
3,0
0,0
1,0
1,0
0,0
0,0
0,0
0,0
0,0
0,0
0,0
5,0
0,0
0,0
0,0
49,0
3,0
0,0
0,0
0,0
0,0
0,0
25,0
31,0
1,0
0,0
0,0
52,0
0,0
0,0
0,0
0,0
1,0
0,0
3,0
1,0
0,0
2,0
54,0
1,0
0,0
0,0
1,0
34,0
30,0
12,0
14,0
8,0
5,0
13,0
8,0
5,0
0,0
0,0
0,0
0,0
4,0
0,0
0,0
2,0
4,0
8,0
12,0
3,0
0,0
1,0
0,0
1,0
0,0
0,0
3,0
2,0
2,0
0,0
0,0
4,0
0,0
0,0
1,0
0,0
0,0
0,0
4,0
1,0
0,0
0,0
1,0
7,0
2,0
0,0
0,0
9,0
0,0
3,0
3,0
11,0
4,0
10,0
7,0
0,0
0,0
0,0
0,0
0,0
1,0
1,0
1,0
49,0
0,0
2,0
1,0
5,0
6,0
1,0
0,0
1,0
5,0
0,0
6,0
2,0
0,0
0,0
0,0
0,0
0,0
0,0
0,0
0,0
0,0
5,0
6,0
0,0
0,0
1,0
5,0
1,0
3,0
2,0
3,0
1,0
41,0
4,0
0,0
0,0
7,0
6,0
0,0
0,0
1,0
0,0
0,0
2,0
0,0
0,0
0,0
8,0
3,0
2,0
1,0
38,0
18,0
0,0
0,0
1,0
2,0
5,0
4,0
0,0
0,0
4,0
0,0
1,0
0,0
0,0
5,0
0,0
0,0
0,0
6,0
0,0
1,0
27,0
5,0
4,0
2,0
2,0
50,0
0,0
0,0
52,0
2,0
56,0
0,0
2,0
0,0
0,0
0,0
1,0
0,0
0,0
0,0
5,0
55,0
0,0
0,0
3,0
4,0
2,0
3,0
0,0
3,0
50,0
0,0
0,0
8,0
5,0
0,0
4,0
0,0
0,0
0,0
0,0
0,0
0,0
0,0
0,0
0,0
0,0
4,0
0,0
51,0
5,0
5,0
11,0
10,0
8,0
52,0
17,0
4,0
2,0
0,0
1,0
18,0
1,0
1,0
0,0
5,0
0,0
0,0
0,0
0,0
44,0
2,0
3,0
4,0
55,0
5,0
28,0
61,0
69,0
10,0
8,0
59,0
17,0
4,0
12,0
10,0
1,0
3,0
0,0
0,0
0,0
0,0
0,0
1,0
0,0
98,0
4,0
11,0
9,0
11,0
13,0
9,0
11,0
8,0
97,0
58,0
5,0
18,0
32,0
2,0
0,0
12,0
0,0
0,0
0,0
0,0
0,0
0,0
1,0
51,0
6,0
23,0
24,0
30,0
8,0
8,0
108,0
8,0
7,0
67,0
75,0
20,0
0,0
4,0
0,0
0,0
0,0
0,0
0,0
0,0
0,0
0,0
2,0
3,0
1,0
3,0
4,0
6,0
99,0
7,0
35,0
56,0
6,0
3,0
1,0
1,0
1,0
2,0
0,0
0,0
0,0
0,0
0,0
1,0
0,0
0,0
1,0
0,0
3,0
6,0
2,0
17,0
9,0
57,0
5,0
4,0
56,0
7,0
2,0
1,0
2,0
0,0
0,0
0,0
0,0
49,0
0,0
0,0
1,0
9,0
2,0
49,0
2,0
1,0
1,0
4,0
54,0
55,0
5,0
5,0
6,0
8,0
1,0
4,0
5,0
2,0
15,0
14,0
19,0
29,0
0,0
0,0
2,0
0,0
0,0
0,0
0,0
0,0
1,0
0,0
4,0
4,0
4,0
4,0
43,0
3,0
3,0
17,0
37,0
1,0
5,0
43,0
0,0
2,0
0,0
2,0
6,0
3,0
3,0
103,0
3,0
3,0
5,0
8,0
4,0
7,0
42,0
15,0
9,0
5,0
4,0
12,0
0,0
49,0
0,0
0,0
0,0
0,0
3,0
5,0
1,0
51,0
4,0
1,0
4,0
6,0
8,0
4,0
7,0
8,0
94,0
19,0
8,0
5,0
9,0
53,0
7,0
3,0
1,0
0,0
0,0
0,0
0,0
0,0
0,0
0,0
1,0
4,0
0,0
46,0
6,0
3,0
5,0
6,0
6,0
6,0
10,0
26,0
325,0
44,0
676,0
1422,1
1582,1
2306,1
1095,1
0,0
0,0
2,0
0,0
0,0
0,0
2,0
1398,1
1807,1
1277,1
508,0
1065,1
1065,1
1505,1
317,0
426,0
140,0
174,0
135,0
123,0
349,0
4,0
847,0
1859,1
0,0
0,0
0,0
0,0
0,0
1,1
6,1
757,0
148,0
4,0
6,0
226,0
4,0
635,0
483,0
501,0
99,0
256,0
30,0
9,0
8,0
0,0
49,0
0,0
0,0
4,0
4,0
4,0
5,0
4,0
4,0
57,0
140,0
194,0
240,0
388,0
699,0
8,0
7,0
11,0
6,0
1,0
4,0
4,0
13,0
2,0
39,0
47,0
0,0
2,0
0,0
0,0
0,0
50,0
2,0
3,0
21,0
3,0
5,0
5,0
6,0
7,0
75,0
6,0
6,0
144,0
231,0
310,0
668,0
1152,1
1761,1
1666,1
1283,1
1917,1
2191,1
1993,1
1515,1
25,0
539,0
5,0
381,0
379,0
208,0
